2023-07-03T00:00:05.590+08:00	[34;1m info [0m	compressing log file: logs/stat.log-2023-07-02	caller=logx/rotatelogger.go:408
2023-07-03T00:00:05.592+08:00	[34;1m info [0m	compressing log file: logs/access.log-2023-07-02	caller=logx/rotatelogger.go:408
2023-07-03T00:00:05.601+08:00	[34;1m info [0m	compressing log file: logs/error.log-2023-07-02	caller=logx/rotatelogger.go:408
2023-07-03T13:21:52.607+08:00	[34;1m info [0m	sql query: SELECT COUNT(*) FROM `publish_task` WHERE `status` = 1	duration=10.0ms	caller=sqlx/stmt.go:132	trace=33ce0357c1e8cc02184f8a2155786965	span=ba1f4bd36272a069
2023-07-03T13:21:52.611+08:00	[34;1m info [0m	sql query: select `id`,`created_at`,`updated_at`,`deleted_at`,`creator`,`status`,`tweet_address`,`label`,`award_budget`,`max_user`,`award_amount`,`end_time`,`accomplish` from `publish_task` where `status` = 1 limit 80 offset 0	duration=1.0ms	caller=sqlx/stmt.go:132	trace=58de9aeb6ebad15b004eb8be1d77f4b8	span=ab2bd3132abe921e
2023-07-03T13:21:52.618+08:00	[34;1m info [0m	sql query: select `id`,`created_at`,`updated_at`,`deleted_at`,`task_id`,`task_name`,`task_demand`,`article` from `task_demand` where `task_id` = 2 	duration=3.0ms	caller=sqlx/stmt.go:132	trace=19e55980eeac7452b65ca07695620145	span=083bd61609cb5201
2023-07-03T13:21:52.619+08:00	[34;1m info [0m	sql query: select `id`,`created_at`,`updated_at`,`deleted_at`,`task_id`,`task_name`,`task_demand`,`article` from `task_demand` where `task_id` = 3 	duration=0.0ms	caller=sqlx/stmt.go:132	trace=b8fede66b852d9cef582b69ab64472e3	span=55725addba38afe1
2023-07-03T13:21:52.620+08:00	[34;1m info [0m	sql query: select `id`,`created_at`,`updated_at`,`deleted_at`,`task_id`,`task_name`,`task_demand`,`article` from `task_demand` where `task_id` = 4 	duration=1.0ms	caller=sqlx/stmt.go:132	trace=07dec74d8d19552f7b6ff51a9c698d53	span=8926bf6f09efe218
2023-07-03T13:21:52.620+08:00	[34;1m info [0m	sql query: select `id`,`created_at`,`updated_at`,`deleted_at`,`task_id`,`task_name`,`task_demand`,`article` from `task_demand` where `task_id` = 5 	duration=0.0ms	caller=sqlx/stmt.go:132	trace=be0eae53464c776497932b5c7855bbf1	span=2ced1254d9a870da
2023-07-03T13:21:52.621+08:00	[34;1m info [0m	sql query: select `id`,`created_at`,`updated_at`,`deleted_at`,`task_id`,`task_name`,`task_demand`,`article` from `task_demand` where `task_id` = 6 	duration=0.0ms	caller=sqlx/stmt.go:132	trace=6b703b8d7266c8336abfa8fd280b71bb	span=f46f3dd73b878963
2023-07-03T13:21:52.621+08:00	[34;1m info [0m	sql query: select `id`,`created_at`,`updated_at`,`deleted_at`,`task_id`,`task_name`,`task_demand`,`article` from `task_demand` where `task_id` = 7 	duration=0.0ms	caller=sqlx/stmt.go:132	trace=2917be78a3bdd8e7a33d408f8cc0f1a8	span=e1fe765bea9e7f42
2023-07-03T13:21:52.622+08:00	[34;1m info [0m	sql query: select `id`,`created_at`,`updated_at`,`deleted_at`,`task_id`,`task_name`,`task_demand`,`article` from `task_demand` where `task_id` = 8 	duration=1.2ms	caller=sqlx/stmt.go:132	trace=75408c0687d6521e636a4c567e65433a	span=1c7fd2a3e9f14847
2023-07-03T13:21:52.622+08:00	[34;1m info [0m	sql query: select `id`,`created_at`,`updated_at`,`deleted_at`,`task_id`,`task_name`,`task_demand`,`article` from `task_demand` where `task_id` = 9 	duration=0.0ms	caller=sqlx/stmt.go:132	trace=cc32ca914cd494aac5715e22acbcc20b	span=a2697813f29637f8
2023-07-03T13:21:52.623+08:00	[34;1m info [0m	sql query: select `id`,`created_at`,`updated_at`,`deleted_at`,`task_id`,`task_name`,`task_demand`,`article` from `task_demand` where `task_id` = 10 	duration=0.5ms	caller=sqlx/stmt.go:132	trace=dd9131f6622c57fbd2d058c8119cfd89	span=25e8e3ec90637907
2023-07-03T13:21:52.623+08:00	[34;1m info [0m	sql query: select `id`,`created_at`,`updated_at`,`deleted_at`,`task_id`,`task_name`,`task_demand`,`article` from `task_demand` where `task_id` = 11 	duration=0.0ms	caller=sqlx/stmt.go:132	trace=7df85b2fe88b5254de40861249a6c7e9	span=2b67804f73624ef5
2023-07-03T13:21:52.623+08:00	[34;1m info [0m	sql query: select `id`,`created_at`,`updated_at`,`deleted_at`,`task_id`,`task_name`,`task_demand`,`article` from `task_demand` where `task_id` = 12 	duration=0.0ms	caller=sqlx/stmt.go:132	trace=178c9e64322e7c72c509d68cce5751d3	span=c9db766fb02513f3
2023-07-03T13:21:52.624+08:00	[34;1m info [0m	sql query: select `id`,`created_at`,`updated_at`,`deleted_at`,`task_id`,`task_name`,`task_demand`,`article` from `task_demand` where `task_id` = 13 	duration=0.5ms	caller=sqlx/stmt.go:132	trace=9b685b05f6b1e57544ad17974160ee59	span=b519e21cdda268c2
2023-07-03T13:21:52.624+08:00	[34;1m info [0m	sql query: select `id`,`created_at`,`updated_at`,`deleted_at`,`task_id`,`task_name`,`task_demand`,`article` from `task_demand` where `task_id` = 14 	duration=0.0ms	caller=sqlx/stmt.go:132	trace=5a91a4ded3531d27ff6d2e33c6e548c4	span=0b4d5cf5d6bec57e
2023-07-03T13:21:52.624+08:00	[34;1m info [0m	sql query: select `id`,`created_at`,`updated_at`,`deleted_at`,`task_id`,`task_name`,`task_demand`,`article` from `task_demand` where `task_id` = 15 	duration=0.5ms	caller=sqlx/stmt.go:132	trace=5305fd3419b158bb180098ea78775de9	span=c2fbb8255097a631
2023-07-03T13:21:52.624+08:00	[34;1m info [0m	sql query: select `id`,`created_at`,`updated_at`,`deleted_at`,`task_id`,`task_name`,`task_demand`,`article` from `task_demand` where `task_id` = 16 	duration=0.0ms	caller=sqlx/stmt.go:132	trace=e6f629a03d4f997d5aff87926cef25eb	span=f5716032a0d517b7
2023-07-03T13:21:52.625+08:00	[34;1m info [0m	sql query: select `id`,`created_at`,`updated_at`,`deleted_at`,`task_id`,`task_name`,`task_demand`,`article` from `task_demand` where `task_id` = 17 	duration=0.5ms	caller=sqlx/stmt.go:132	trace=006558d2f5816325ef9f59ba4c2e0b42	span=b3147e30aa7c6036
2023-07-03T13:21:52.625+08:00	[34;1m info [0m	sql query: select `id`,`created_at`,`updated_at`,`deleted_at`,`task_id`,`task_name`,`task_demand`,`article` from `task_demand` where `task_id` = 18 	duration=0.0ms	caller=sqlx/stmt.go:132	trace=2ce3d4816a7fa8d550721e8c630e7df6	span=1b4904396e7e255b
2023-07-03T13:21:52.625+08:00	[34;1m info [0m	sql query: select `id`,`created_at`,`updated_at`,`deleted_at`,`task_id`,`task_name`,`task_demand`,`article` from `task_demand` where `task_id` = 19 	duration=0.5ms	caller=sqlx/stmt.go:132	trace=dd3a93044c82e661c9e23b715973cc84	span=f2fd86fcaf39acc9
2023-07-03T13:21:52.625+08:00	[34;1m info [0m	sql query: select `id`,`created_at`,`updated_at`,`deleted_at`,`task_id`,`task_name`,`task_demand`,`article` from `task_demand` where `task_id` = 20 	duration=0.0ms	caller=sqlx/stmt.go:132	trace=63ec4747d2a1aed2686eaf1cf8f36d40	span=412951e89ec85b6a
2023-07-03T13:21:52.626+08:00	[34;1m info [0m	sql query: select `id`,`created_at`,`updated_at`,`deleted_at`,`task_id`,`task_name`,`task_demand`,`article` from `task_demand` where `task_id` = 21 	duration=0.5ms	caller=sqlx/stmt.go:132	trace=c3f8d7bb3ea3c8cdf4dc86f8733c9c48	span=96d38dd42955cc9c
2023-07-03T13:21:52.626+08:00	[34;1m info [0m	sql query: select `id`,`created_at`,`updated_at`,`deleted_at`,`task_id`,`task_name`,`task_demand`,`article` from `task_demand` where `task_id` = 22 	duration=0.0ms	caller=sqlx/stmt.go:132	trace=322ec21adb60866076cd5814e7fe7442	span=1c8e357695ef8d6b
2023-07-03T13:21:52.626+08:00	[34;1m info [0m	sql query: select `id`,`created_at`,`updated_at`,`deleted_at`,`task_id`,`task_name`,`task_demand`,`article` from `task_demand` where `task_id` = 23 	duration=0.6ms	caller=sqlx/stmt.go:132	trace=c6d2fbb414403f4d07d7227557adcc8f	span=75aa522753c53a6f
2023-07-03T13:21:52.626+08:00	[34;1m info [0m	sql query: select `id`,`created_at`,`updated_at`,`deleted_at`,`task_id`,`task_name`,`task_demand`,`article` from `task_demand` where `task_id` = 24 	duration=0.0ms	caller=sqlx/stmt.go:132	trace=af83be9e0a7e73e92844ee1884d6ea63	span=69bdc8c43bad950c
2023-07-03T13:21:52.627+08:00	[34;1m info [0m	sql query: select `id`,`created_at`,`updated_at`,`deleted_at`,`task_id`,`task_name`,`task_demand`,`article` from `task_demand` where `task_id` = 25 	duration=0.0ms	caller=sqlx/stmt.go:132	trace=9c49f35d2d56b850a6d555dd9f80c275	span=8c809d8822f08746
2023-07-03T13:21:52.628+08:00	[34;1m info [0m	sql query: select `id`,`created_at`,`updated_at`,`deleted_at`,`task_id`,`task_name`,`task_demand`,`article` from `task_demand` where `task_id` = 26 	duration=0.5ms	caller=sqlx/stmt.go:132	trace=3ec9eb99e4901cac4798ae16f3c61e8d	span=7948bd848b2779de
2023-07-03T13:21:52.628+08:00	[34;1m info [0m	sql query: select `id`,`created_at`,`updated_at`,`deleted_at`,`task_id`,`task_name`,`task_demand`,`article` from `task_demand` where `task_id` = 27 	duration=0.0ms	caller=sqlx/stmt.go:132	trace=2897b031b9ab83625dce9d5aafdfe403	span=1338305c09c61108
2023-07-03T13:21:52.630+08:00	[34;1m info [0m	192.168.1.109:60951 - /task.Task/QueryTaskList - {"status":1,"currPage":1,"maxNum":80}	duration=58.1ms	caller=serverinterceptors/statinterceptor.go:90	trace=f0d88ba70b0e8e8c9f681108c25ec7e1	span=ee5e48c4fc63d408
2023-07-03T13:46:01.224+08:00	[34;1m info [0m	sql query: SELECT COUNT(*) FROM `publish_task` WHERE `status` = 1	duration=12.5ms	caller=sqlx/stmt.go:132	trace=d906302ed608b2f97d813d957882fe1b	span=102d018c81c48a0a
2023-07-03T13:46:01.225+08:00	[34;1m info [0m	sql query: select `id`,`created_at`,`updated_at`,`deleted_at`,`creator`,`status`,`tweet_address`,`label`,`award_budget`,`max_user`,`award_amount`,`end_time`,`accomplish` from `publish_task` where `status` = 1 limit 80 offset 0	duration=0.8ms	caller=sqlx/stmt.go:132	trace=6a0d662ef834cf4fb2aee87f3c96b263	span=3162dc3aafb7fe55
2023-07-03T13:46:01.230+08:00	[34;1m info [0m	sql query: select `id`,`created_at`,`updated_at`,`deleted_at`,`task_id`,`task_name`,`task_demand`,`article` from `task_demand` where `task_id` = 2 	duration=4.7ms	caller=sqlx/stmt.go:132	trace=36509539044f84c90da339026ba60a85	span=5f9ec4486d62a1a6
2023-07-03T13:46:01.230+08:00	[34;1m info [0m	sql query: select `id`,`created_at`,`updated_at`,`deleted_at`,`task_id`,`task_name`,`task_demand`,`article` from `task_demand` where `task_id` = 3 	duration=0.0ms	caller=sqlx/stmt.go:132	trace=8609ee36cad2dbcc43d60eae0366abca	span=706bddb2b040cdcb
2023-07-03T13:46:01.230+08:00	[34;1m info [0m	sql query: select `id`,`created_at`,`updated_at`,`deleted_at`,`task_id`,`task_name`,`task_demand`,`article` from `task_demand` where `task_id` = 4 	duration=0.5ms	caller=sqlx/stmt.go:132	trace=31ca2d313b357149195b06ce150464fa	span=c97e7b580387c6e5
2023-07-03T13:46:01.231+08:00	[34;1m info [0m	sql query: select `id`,`created_at`,`updated_at`,`deleted_at`,`task_id`,`task_name`,`task_demand`,`article` from `task_demand` where `task_id` = 5 	duration=0.0ms	caller=sqlx/stmt.go:132	trace=f19d5a0470f232a15e48a0f21a18db7f	span=211fa3e19575e10b
2023-07-03T13:46:01.231+08:00	[34;1m info [0m	sql query: select `id`,`created_at`,`updated_at`,`deleted_at`,`task_id`,`task_name`,`task_demand`,`article` from `task_demand` where `task_id` = 6 	duration=0.5ms	caller=sqlx/stmt.go:132	trace=1b496f0d5a112cefd8111b21bea3aff5	span=a4967665f66fcc94
2023-07-03T13:46:01.231+08:00	[34;1m info [0m	sql query: select `id`,`created_at`,`updated_at`,`deleted_at`,`task_id`,`task_name`,`task_demand`,`article` from `task_demand` where `task_id` = 7 	duration=0.0ms	caller=sqlx/stmt.go:132	trace=2ae082101812958eaf06e588672e868e	span=5572623882d995b2
2023-07-03T13:46:01.231+08:00	[34;1m info [0m	sql query: select `id`,`created_at`,`updated_at`,`deleted_at`,`task_id`,`task_name`,`task_demand`,`article` from `task_demand` where `task_id` = 8 	duration=0.0ms	caller=sqlx/stmt.go:132	trace=488adae04f8fc061d0d4441699bb1fdc	span=3bca27a5bf5ae1d7
2023-07-03T13:46:01.231+08:00	[34;1m info [0m	sql query: select `id`,`created_at`,`updated_at`,`deleted_at`,`task_id`,`task_name`,`task_demand`,`article` from `task_demand` where `task_id` = 9 	duration=0.0ms	caller=sqlx/stmt.go:132	trace=95220106d195b1b52d360e3a01f9ab3d	span=65b2314a89a63264
2023-07-03T13:46:01.232+08:00	[34;1m info [0m	sql query: select `id`,`created_at`,`updated_at`,`deleted_at`,`task_id`,`task_name`,`task_demand`,`article` from `task_demand` where `task_id` = 10 	duration=0.0ms	caller=sqlx/stmt.go:132	trace=fc22212a50ac84bf75cf36b37e848afd	span=66018cf66727f9ae
2023-07-03T13:46:01.233+08:00	[34;1m info [0m	sql query: select `id`,`created_at`,`updated_at`,`deleted_at`,`task_id`,`task_name`,`task_demand`,`article` from `task_demand` where `task_id` = 11 	duration=0.0ms	caller=sqlx/stmt.go:132	trace=e267f2fec861a86f01729a6727603b58	span=59d3b20b9710627e
2023-07-03T13:46:01.233+08:00	[34;1m info [0m	sql query: select `id`,`created_at`,`updated_at`,`deleted_at`,`task_id`,`task_name`,`task_demand`,`article` from `task_demand` where `task_id` = 12 	duration=0.5ms	caller=sqlx/stmt.go:132	trace=1bb10b74f29effa3dec712a6c99819cf	span=1a3b11db479e0e03
2023-07-03T13:46:01.234+08:00	[34;1m info [0m	sql query: select `id`,`created_at`,`updated_at`,`deleted_at`,`task_id`,`task_name`,`task_demand`,`article` from `task_demand` where `task_id` = 13 	duration=0.5ms	caller=sqlx/stmt.go:132	trace=3433360a7979682916dc7c4f99ed409d	span=f194b5744f80cdc0
2023-07-03T13:46:01.234+08:00	[34;1m info [0m	sql query: select `id`,`created_at`,`updated_at`,`deleted_at`,`task_id`,`task_name`,`task_demand`,`article` from `task_demand` where `task_id` = 14 	duration=0.0ms	caller=sqlx/stmt.go:132	trace=51a724ac1fe52a0394b97510eba1fb29	span=77c90d27fd12b5a6
2023-07-03T13:46:01.234+08:00	[34;1m info [0m	sql query: select `id`,`created_at`,`updated_at`,`deleted_at`,`task_id`,`task_name`,`task_demand`,`article` from `task_demand` where `task_id` = 15 	duration=0.5ms	caller=sqlx/stmt.go:132	trace=5ee429760bb14fd701ac34476a41ac63	span=c21697546922c04b
2023-07-03T13:46:01.235+08:00	[34;1m info [0m	sql query: select `id`,`created_at`,`updated_at`,`deleted_at`,`task_id`,`task_name`,`task_demand`,`article` from `task_demand` where `task_id` = 16 	duration=0.0ms	caller=sqlx/stmt.go:132	trace=723485beb7d84ac8e983bc70c68d05d5	span=38b98fd0912a7ece
2023-07-03T13:46:01.235+08:00	[34;1m info [0m	sql query: select `id`,`created_at`,`updated_at`,`deleted_at`,`task_id`,`task_name`,`task_demand`,`article` from `task_demand` where `task_id` = 17 	duration=0.5ms	caller=sqlx/stmt.go:132	trace=0eebadac2afe283dce7cc7efc38862a8	span=0d989758d55eae45
2023-07-03T13:46:01.235+08:00	[34;1m info [0m	sql query: select `id`,`created_at`,`updated_at`,`deleted_at`,`task_id`,`task_name`,`task_demand`,`article` from `task_demand` where `task_id` = 18 	duration=0.0ms	caller=sqlx/stmt.go:132	trace=e51222686c10062064633c0aa6c13b88	span=8f23551873a6189f
2023-07-03T13:46:01.236+08:00	[34;1m info [0m	sql query: select `id`,`created_at`,`updated_at`,`deleted_at`,`task_id`,`task_name`,`task_demand`,`article` from `task_demand` where `task_id` = 19 	duration=0.5ms	caller=sqlx/stmt.go:132	trace=f606b7971af2bad8208f432b116a759b	span=4f3d3e3eaf8bb513
2023-07-03T13:46:01.236+08:00	[34;1m info [0m	sql query: select `id`,`created_at`,`updated_at`,`deleted_at`,`task_id`,`task_name`,`task_demand`,`article` from `task_demand` where `task_id` = 20 	duration=0.0ms	caller=sqlx/stmt.go:132	trace=736dd34e480246009a19ebafcbdc699d	span=043f7afab983a6cf
2023-07-03T13:46:01.236+08:00	[34;1m info [0m	sql query: select `id`,`created_at`,`updated_at`,`deleted_at`,`task_id`,`task_name`,`task_demand`,`article` from `task_demand` where `task_id` = 21 	duration=0.0ms	caller=sqlx/stmt.go:132	trace=5f0d14bbbd3cf05cb65c2af8ca843270	span=bda4a70f09678cff
2023-07-03T13:46:01.237+08:00	[34;1m info [0m	sql query: select `id`,`created_at`,`updated_at`,`deleted_at`,`task_id`,`task_name`,`task_demand`,`article` from `task_demand` where `task_id` = 22 	duration=0.0ms	caller=sqlx/stmt.go:132	trace=2377ad745051d9a6d4f5331cd240926d	span=dae347e7b03d0f96
2023-07-03T13:46:01.237+08:00	[34;1m info [0m	sql query: select `id`,`created_at`,`updated_at`,`deleted_at`,`task_id`,`task_name`,`task_demand`,`article` from `task_demand` where `task_id` = 23 	duration=0.6ms	caller=sqlx/stmt.go:132	trace=328ef8f9aae2b6958d54bbc528d41b29	span=5e410d7df21eecb7
2023-07-03T13:46:01.238+08:00	[34;1m info [0m	sql query: select `id`,`created_at`,`updated_at`,`deleted_at`,`task_id`,`task_name`,`task_demand`,`article` from `task_demand` where `task_id` = 24 	duration=0.0ms	caller=sqlx/stmt.go:132	trace=1195e80ebf5b4060b12639dfd9333965	span=2145277c39a48ea1
2023-07-03T13:46:01.238+08:00	[34;1m info [0m	sql query: select `id`,`created_at`,`updated_at`,`deleted_at`,`task_id`,`task_name`,`task_demand`,`article` from `task_demand` where `task_id` = 25 	duration=0.0ms	caller=sqlx/stmt.go:132	trace=5c28603ef4685db84a1fafceb635d40f	span=610b37bf29279b99
2023-07-03T13:46:01.238+08:00	[34;1m info [0m	sql query: select `id`,`created_at`,`updated_at`,`deleted_at`,`task_id`,`task_name`,`task_demand`,`article` from `task_demand` where `task_id` = 26 	duration=0.5ms	caller=sqlx/stmt.go:132	trace=f4eed9ec45b7010c7bc2492e52d6159d	span=825bb64e47768d42
2023-07-03T13:46:01.239+08:00	[34;1m info [0m	sql query: select `id`,`created_at`,`updated_at`,`deleted_at`,`task_id`,`task_name`,`task_demand`,`article` from `task_demand` where `task_id` = 27 	duration=0.0ms	caller=sqlx/stmt.go:132	trace=e525e86ef48771cd742bf26b94169b65	span=0a48956afff12a00
2023-07-03T13:46:01.239+08:00	[34;1m info [0m	192.168.1.109:62056 - /task.Task/QueryTaskList - {"status":1,"currPage":1,"maxNum":80}	duration=27.3ms	caller=serverinterceptors/statinterceptor.go:90	trace=704f38b6fa6d3d40e9ae15bdb2d31ceb	span=23124a8264ccb56f
2023-07-03T15:21:03.527+08:00	[34;1m info [0m	sql query: SELECT COUNT(*) FROM `label` WHERE creator = '550e8400-e29b-41d4-a716-446655440000'	duration=10.1ms	caller=sqlx/stmt.go:132	trace=30469cf63f5d125bc21bd3c7832aea4e	span=4ac2e35aaec881be
2023-07-03T15:21:03.535+08:00	[34;1m info [0m	sql exec: insert into `label` (`creator`,`content`) values ('550e8400-e29b-41d4-a716-446655440000', '美团UUID')	duration=7.1ms	caller=sqlx/stmt.go:132	trace=85eeaf4f9c6cf1e6c26601a56ae85327	span=b253c77a1a6c0021
2023-07-03T15:21:03.536+08:00	[34;1m info [0m	192.168.1.109:60420 - /task.Task/CreateLabel - {"userId":"550e8400-e29b-41d4-a716-446655440000","label":"美团UUID"}	duration=22.8ms	caller=serverinterceptors/statinterceptor.go:90	trace=85eeaf4f9c6cf1e6c26601a56ae85327	span=24a07c3756099380
